<?xml version="1.0" encoding="UTF-8"?>
<testng-results ignored="0" total="1" passed="1" failed="0" skipped="0">
  <reporter-output>
  </reporter-output>
  <suite started-at="2025-12-02T14:35:41 IST" name="Default suite" finished-at="2025-12-02T14:36:06 IST" duration-ms="24406">
    <groups>
    </groups>
    <test started-at="2025-12-02T14:35:41 IST" name="Default test" finished-at="2025-12-02T14:36:06 IST" duration-ms="24406">
      <class name="com.DemoWebShop_TestScripts.Testcase_001_Verify_User_Is_Able_to_Add_Address_or_Not">
        <test-method is-config="true" signature="beforeSuite()[pri:0, instance:com.DemoWebShop_TestScripts.Testcase_001_Verify_User_Is_Able_to_Add_Address_or_Not@6ed3ccb2]" started-at="2025-12-02T14:35:41 IST" name="beforeSuite" finished-at="2025-12-02T14:35:41 IST" duration-ms="13" status="PASS">
          <reporter-output>
          </reporter-output>
        </test-method> <!-- beforeSuite -->
        <test-method is-config="true" signature="beforetest()[pri:0, instance:com.DemoWebShop_TestScripts.Testcase_001_Verify_User_Is_Able_to_Add_Address_or_Not@6ed3ccb2]" started-at="2025-12-02T14:35:41 IST" name="beforetest" finished-at="2025-12-02T14:35:42 IST" duration-ms="394" status="PASS">
          <reporter-output>
          </reporter-output>
        </test-method> <!-- beforetest -->
        <test-method is-config="true" signature="beforeClass()[pri:0, instance:com.DemoWebShop_TestScripts.Testcase_001_Verify_User_Is_Able_to_Add_Address_or_Not@6ed3ccb2]" started-at="2025-12-02T14:35:42 IST" name="beforeClass" finished-at="2025-12-02T14:35:48 IST" duration-ms="6278" status="PASS">
          <reporter-output>
          </reporter-output>
        </test-method> <!-- beforeClass -->
        <test-method is-config="true" signature="beforeMethod()[pri:0, instance:com.DemoWebShop_TestScripts.Testcase_001_Verify_User_Is_Able_to_Add_Address_or_Not@6ed3ccb2]" started-at="2025-12-02T14:35:48 IST" name="beforeMethod" finished-at="2025-12-02T14:35:52 IST" duration-ms="3735" status="PASS">
          <reporter-output>
          </reporter-output>
        </test-method> <!-- beforeMethod -->
        <test-method signature="addAddress()[pri:0, instance:com.DemoWebShop_TestScripts.Testcase_001_Verify_User_Is_Able_to_Add_Address_or_Not@6ed3ccb2]" started-at="2025-12-02T14:35:52 IST" name="addAddress" finished-at="2025-12-02T14:36:01 IST" duration-ms="9201" status="PASS">
          <reporter-output>
          </reporter-output>
        </test-method> <!-- addAddress -->
        <test-method is-config="true" signature="afterMethod()[pri:0, instance:com.DemoWebShop_TestScripts.Testcase_001_Verify_User_Is_Able_to_Add_Address_or_Not@6ed3ccb2]" started-at="2025-12-02T14:36:01 IST" name="afterMethod" finished-at="2025-12-02T14:36:02 IST" duration-ms="1116" status="PASS">
          <reporter-output>
          </reporter-output>
        </test-method> <!-- afterMethod -->
        <test-method is-config="true" signature="afterClass()[pri:0, instance:com.DemoWebShop_TestScripts.Testcase_001_Verify_User_Is_Able_to_Add_Address_or_Not@6ed3ccb2]" started-at="2025-12-02T14:36:02 IST" name="afterClass" finished-at="2025-12-02T14:36:05 IST" duration-ms="3325" status="PASS">
          <reporter-output>
          </reporter-output>
        </test-method> <!-- afterClass -->
        <test-method is-config="true" signature="afterTest()[pri:0, instance:com.DemoWebShop_TestScripts.Testcase_001_Verify_User_Is_Able_to_Add_Address_or_Not@6ed3ccb2]" started-at="2025-12-02T14:36:05 IST" name="afterTest" finished-at="2025-12-02T14:36:06 IST" duration-ms="309" status="PASS">
          <reporter-output>
          </reporter-output>
        </test-method> <!-- afterTest -->
        <test-method is-config="true" signature="afterSuite()[pri:0, instance:com.DemoWebShop_TestScripts.Testcase_001_Verify_User_Is_Able_to_Add_Address_or_Not@6ed3ccb2]" started-at="2025-12-02T14:36:06 IST" name="afterSuite" finished-at="2025-12-02T14:36:06 IST" duration-ms="0" status="PASS">
          <reporter-output>
          </reporter-output>
        </test-method> <!-- afterSuite -->
      </class> <!-- com.DemoWebShop_TestScripts.Testcase_001_Verify_User_Is_Able_to_Add_Address_or_Not -->
    </test> <!-- Default test -->
  </suite> <!-- Default suite -->
</testng-results>
