<?xml version="1.0" encoding="UTF-8"?>
<!-- Generated by org.testng.reporters.JUnitReportReporter -->
<testsuite hostname="RAHUL" failures="0" tests="1" name="com.DemoWebShop_TestScripts.Tc_002_Verify_User_Is_able_to_Delete_Address_or_Not" time="24.261" errors="0" timestamp="2025-11-27T14:40:28 IST" skipped="0">
  <testcase classname="com.DemoWebShop_TestScripts.Tc_002_Verify_User_Is_able_to_Delete_Address_or_Not" name="addAddress" time="24.261"/>
</testsuite> <!-- com.DemoWebShop_TestScripts.Tc_002_Verify_User_Is_able_to_Delete_Address_or_Not -->
