<?xml version="1.0" encoding="UTF-8"?>
<!-- Generated by org.testng.reporters.JUnitReportReporter -->
<testsuite hostname="RAHUL" failures="0" tests="1" name="com.DemoWebShop_TestScripts.Tc_001_Verify_User_Is_Able_to_Add_Address_or_Not" time="18.615" errors="0" timestamp="2025-11-27T14:52:03 IST" skipped="0">
  <testcase classname="com.DemoWebShop_TestScripts.Tc_001_Verify_User_Is_Able_to_Add_Address_or_Not" name="addAddress" time="18.615"/>
</testsuite> <!-- com.DemoWebShop_TestScripts.Tc_001_Verify_User_Is_Able_to_Add_Address_or_Not -->
